Using pre-set license
Built from '2020.3/staging' branch; Version is '2020.3.17f1 (a4537701e4ab) revision 10769271'; Using compiler version '192528614'; Build Type 'Release'
OS: 'Windows 10 Home; OS build 19043.1766; Version 2009; 64bit' Language: 'es' Physical Memory: 8052 MB
BatchMode: 1, IsHumanControllingUs: 0, StartBugReporterOnCrash: 0, Is64bit: 1, IsPro: 0

COMMAND LINE ARGUMENTS:
C:\COSAS 720\UNITY FACULTAD\Editor\Unity.exe
-adb2
-batchMode
-noUpm
-name
AssetImportWorker0
-projectPath
C:/Users/lucas/Desktop/ñ/Juego/Prog-2doAño/Proyecto-Programacion-2022/Proyecto-22
-logFile
Logs/AssetImportWorker0.log
-srvPort
52252
Successfully changed project path to: C:/Users/lucas/Desktop/ñ/Juego/Prog-2doAño/Proyecto-Programacion-2022/Proyecto-22
C:/Users/lucas/Desktop/ñ/Juego/Prog-2doAño/Proyecto-Programacion-2022/Proyecto-22
Using Asset Import Pipeline V2.
Refreshing native plugins compatible for Editor in 72.87 ms, found 3 plugins.
Preloading 0 native plugins for Editor in 0.00 ms.
Initialize engine version: 2020.3.17f1 (a4537701e4ab)
[Subsystems] Discovering subsystems at path C:/COSAS 720/UNITY FACULTAD/Editor/Data/Resources/UnitySubsystems
[Subsystems] Discovering subsystems at path C:/Users/lucas/Desktop/ñ/Juego/Prog-2doAño/Proyecto-Programacion-2022/Proyecto-22/Assets
GfxDevice: creating device client; threaded=0
Direct3D:
    Version:  Direct3D 11.0 [level 11.1]
    Renderer: NVIDIA GeForce GTX 970M (ID=0x13d8)
    Vendor:   
    VRAM:     3032 MB
    Driver:   30.0.15.1277
Initialize mono
Mono path[0] = 'C:/COSAS 720/UNITY FACULTAD/Editor/Data/Managed'
Mono path[1] = 'C:/COSAS 720/UNITY FACULTAD/Editor/Data/MonoBleedingEdge/lib/mono/unityjit'
Mono config path = 'C:/COSAS 720/UNITY FACULTAD/Editor/Data/MonoBleedingEdge/etc'
Using monoOptions --debugger-agent=transport=dt_socket,embedding=1,server=y,suspend=n,address=127.0.0.1:56964
Begin MonoManager ReloadAssembly
Registering precompiled unity dll's ...
Register platform support module: C:/COSAS 720/UNITY FACULTAD/Editor/Data/PlaybackEngines/WebGLSupport/UnityEditor.WebGL.Extensions.dll
Register platform support module: C:/COSAS 720/UNITY FACULTAD/Editor/Data/PlaybackEngines/WindowsStandaloneSupport/UnityEditor.WindowsStandalone.Extensions.dll
Registered in 0.005073 seconds.
Native extension for WindowsStandalone target not found
Native extension for WebGL target not found
Refreshing native plugins compatible for Editor in 76.51 ms, found 3 plugins.
Preloading 0 native plugins for Editor in 0.00 ms.
Mono: successfully reloaded assembly
- Completed reload, in  2.881 seconds
Domain Reload Profiling:
	ReloadAssembly (2881ms)
		BeginReloadAssembly (91ms)
			ExecutionOrderSort (0ms)
			DisableScriptedObjects (0ms)
			BackupInstance (0ms)
			ReleaseScriptingObjects (0ms)
			CreateAndSetChildDomain (1ms)
		EndReloadAssembly (658ms)
			LoadAssemblies (88ms)
			RebuildTransferFunctionScriptingTraits (0ms)
			SetupTypeCache (220ms)
			ReleaseScriptCaches (0ms)
			RebuildScriptCaches (55ms)
			SetupLoadedEditorAssemblies (270ms)
				LogAssemblyErrors (0ms)
				InitializePlatformSupportModulesInManaged (7ms)
				SetLoadedEditorAssemblies (0ms)
				RefreshPlugins (77ms)
				BeforeProcessingInitializeOnLoad (29ms)
				ProcessInitializeOnLoadAttributes (110ms)
				ProcessInitializeOnLoadMethodAttributes (46ms)
				AfterProcessingInitializeOnLoad (0ms)
				EditorAssembliesLoaded (0ms)
			ExecutionOrderSort2 (0ms)
			AwakeInstancesAfterBackupRestoration (0ms)
Platform modules already initialized, skipping
Registering precompiled user dll's ...
Registered in 0.013707 seconds.
Begin MonoManager ReloadAssembly
Native extension for WindowsStandalone target not found
Native extension for WebGL target not found
Refreshing native plugins compatible for Editor in 72.59 ms, found 3 plugins.
Preloading 0 native plugins for Editor in 0.00 ms.
Mono: successfully reloaded assembly
- Completed reload, in  1.869 seconds
Domain Reload Profiling:
	ReloadAssembly (1870ms)
		BeginReloadAssembly (206ms)
			ExecutionOrderSort (0ms)
			DisableScriptedObjects (6ms)
			BackupInstance (0ms)
			ReleaseScriptingObjects (0ms)
			CreateAndSetChildDomain (31ms)
		EndReloadAssembly (1574ms)
			LoadAssemblies (148ms)
			RebuildTransferFunctionScriptingTraits (0ms)
			SetupTypeCache (403ms)
			ReleaseScriptCaches (0ms)
			RebuildScriptCaches (72ms)
			SetupLoadedEditorAssemblies (754ms)
				LogAssemblyErrors (0ms)
				InitializePlatformSupportModulesInManaged (8ms)
				SetLoadedEditorAssemblies (0ms)
				RefreshPlugins (73ms)
				BeforeProcessingInitializeOnLoad (158ms)
				ProcessInitializeOnLoadAttributes (486ms)
				ProcessInitializeOnLoadMethodAttributes (20ms)
				AfterProcessingInitializeOnLoad (8ms)
				EditorAssembliesLoaded (0ms)
			ExecutionOrderSort2 (0ms)
			AwakeInstancesAfterBackupRestoration (15ms)
Platform modules already initialized, skipping
========================================================================
Worker process is ready to serve import requests
Launched and connected shader compiler UnityShaderCompiler.exe after 0.13 seconds
Refreshing native plugins compatible for Editor in 0.67 ms, found 3 plugins.
Preloading 0 native plugins for Editor in 0.00 ms.
Unloading 2101 Unused Serialized files (Serialized files now loaded: 0)
System memory in use before: 114.0 MB.
System memory in use after: 114.1 MB.

Unloading 27 unused Assets to reduce memory usage. Loaded Objects now: 2565.
Total: 3.783000 ms (FindLiveObjects: 0.456000 ms CreateObjectMapping: 0.208300 ms MarkObjects: 3.084000 ms  DeleteObjects: 0.033300 ms)

AssetImportParameters requested are different than current active one (requested -> active):
  custom:framework-win-MediaFoundation: 216162199b28c13a410421893ffa2e32 -> 
  custom:video-decoder-ogg-theora: a1e56fd34408186e4bbccfd4996cb3dc -> 
  custom:container-muxer-webm: aa71ff27fc2769a1b78a27578f13a17b -> 
  custom:container-demuxer-webm: 4f35f7cbe854078d1ac9338744f61a02 -> 
  custom:container-demuxer-ogg: 62fdf1f143b41e24485cea50d1cbac27 -> 
  custom:video-encoder-webm-vp8: eb34c28f22e8b96e1ab97ce403110664 -> 
  custom:video-decoder-webm-vp8: 9c59270c3fd7afecdb556c50c9e8de78 -> 
  custom:audio-decoder-ogg-vorbis: bf7c407c2cedff20999df2af8eb42d56 -> 
  custom:audio-encoder-webm-vorbis: bf7c407c2cedff20999df2af8eb42d56 -> 
========================================================================
Received Import Request.
  path: Assets/Enemigo.asset
  artifactKey: Guid(3eecda637a4029f459418a4abcf16c7f) Importer(815301076,1909f56bfc062723c751e8b465ee728b)
Start importing Assets/Enemigo.asset using Guid(3eecda637a4029f459418a4abcf16c7f) Importer(815301076,1909f56bfc062723c751e8b465ee728b)  -> (artifact id: 'd57db19f9796f6bafe0f532b92004096') in 0.283240 seconds 
  Import took 0.289260 seconds .

========================================================================
Received Import Request.
  Time since last request: 0.923226 seconds.
  path: Assets/Scenes/Menu.unity
  artifactKey: Guid(f9c49afe17762c9488abddbd727a893f) Importer(815301076,1909f56bfc062723c751e8b465ee728b)
Start importing Assets/Scenes/Menu.unity using Guid(f9c49afe17762c9488abddbd727a893f) Importer(815301076,1909f56bfc062723c751e8b465ee728b)  -> (artifact id: 'a69b8bc35ca766e9ec97efdaa7dd534f') in 0.014739 seconds 
  Import took 0.022782 seconds .

========================================================================
Received Import Request.
  Time since last request: 6.755466 seconds.
  path: Assets/Scenes/SampleScene.unity
  artifactKey: Guid(2cda990e2423bbf4892e6590ba056729) Importer(815301076,1909f56bfc062723c751e8b465ee728b)
Start importing Assets/Scenes/SampleScene.unity using Guid(2cda990e2423bbf4892e6590ba056729) Importer(815301076,1909f56bfc062723c751e8b465ee728b)  -> (artifact id: '61cae79921cc083cfaadbede3f6536c7') in 0.013846 seconds 
  Import took 0.022117 seconds .

========================================================================
Received Import Request.
  Time since last request: 5.327149 seconds.
  path: Assets/Prefabs/Enemigo.prefab
  artifactKey: Guid(200d5d03f51adf244828dceca5f3a1d2) Importer(815301076,1909f56bfc062723c751e8b465ee728b)
Start importing Assets/Prefabs/Enemigo.prefab using Guid(200d5d03f51adf244828dceca5f3a1d2) Importer(815301076,1909f56bfc062723c751e8b465ee728b)  -> (artifact id: '7045c52ffc5acd77dde799549ca0bd1d') in 0.134467 seconds 
  Import took 0.139837 seconds .

========================================================================
Received Import Request.
  Time since last request: 2.889123 seconds.
  path: Assets/Prefabs/___ LVLMGR.prefab
  artifactKey: Guid(a2ee6cef407801f43b71e3380da177e1) Importer(815301076,1909f56bfc062723c751e8b465ee728b)
Start importing Assets/Prefabs/___ LVLMGR.prefab using Guid(a2ee6cef407801f43b71e3380da177e1) Importer(815301076,1909f56bfc062723c751e8b465ee728b)  -> (artifact id: '1810134d6314204a43b9ebe73387cac9') in 0.016881 seconds 
  Import took 0.023215 seconds .

========================================================================
Received Import Request.
  Time since last request: 0.025254 seconds.
  path: Assets/Prefabs/___ LVLMGR.prefab
  artifactKey: Guid(a2ee6cef407801f43b71e3380da177e1) Importer(815301076,1909f56bfc062723c751e8b465ee728b)
Start importing Assets/Prefabs/___ LVLMGR.prefab using Guid(a2ee6cef407801f43b71e3380da177e1) Importer(815301076,1909f56bfc062723c751e8b465ee728b)  -> (artifact id: '1810134d6314204a43b9ebe73387cac9') in 0.009835 seconds 
  Import took 0.016275 seconds .

========================================================================
Received Import Request.
  Time since last request: 6.283486 seconds.
  path: Assets/Prefabs/___ JUGADOR.prefab
  artifactKey: Guid(d10df3eba37b74740b520f79b2dbf12e) Importer(815301076,1909f56bfc062723c751e8b465ee728b)
Start importing Assets/Prefabs/___ JUGADOR.prefab using Guid(d10df3eba37b74740b520f79b2dbf12e) Importer(815301076,1909f56bfc062723c751e8b465ee728b)  -> (artifact id: '54f75fee1b6449e350fcc15e4b623478') in 0.030472 seconds 
  Import took 0.037382 seconds .

========================================================================
Received Import Request.
  Time since last request: 0.031436 seconds.
  path: Assets/Prefabs/___ JUGADOR.prefab
  artifactKey: Guid(d10df3eba37b74740b520f79b2dbf12e) Importer(815301076,1909f56bfc062723c751e8b465ee728b)
Start importing Assets/Prefabs/___ JUGADOR.prefab using Guid(d10df3eba37b74740b520f79b2dbf12e) Importer(815301076,1909f56bfc062723c751e8b465ee728b)  -> (artifact id: '54f75fee1b6449e350fcc15e4b623478') in 0.021466 seconds 
  Import took 0.029058 seconds .

========================================================================
Received Import Request.
  Time since last request: 15.474355 seconds.
  path: Assets/Prefabs/Enemigo.prefab
  artifactKey: Guid(200d5d03f51adf244828dceca5f3a1d2) Importer(815301076,1909f56bfc062723c751e8b465ee728b)
Start importing Assets/Prefabs/Enemigo.prefab using Guid(200d5d03f51adf244828dceca5f3a1d2) Importer(815301076,1909f56bfc062723c751e8b465ee728b)  -> (artifact id: 'd2e4fc48973f3dc85aa2f55f7335aba4') in 0.019985 seconds 
  Import took 0.025918 seconds .

========================================================================
Received Import Request.
  Time since last request: 0.040721 seconds.
  path: Assets/Prefabs/Enemigo.prefab
  artifactKey: Guid(200d5d03f51adf244828dceca5f3a1d2) Importer(815301076,1909f56bfc062723c751e8b465ee728b)
Start importing Assets/Prefabs/Enemigo.prefab using Guid(200d5d03f51adf244828dceca5f3a1d2) Importer(815301076,1909f56bfc062723c751e8b465ee728b)  -> (artifact id: 'd2e4fc48973f3dc85aa2f55f7335aba4') in 0.017385 seconds 
  Import took 0.024192 seconds .

========================================================================
Received Import Request.
  Time since last request: 318.005599 seconds.
  path: Assets/Scenes/CyanBackground.jpg
  artifactKey: Guid(7997459e255e44c46851323bbdc69c7d) Importer(815301076,1909f56bfc062723c751e8b465ee728b)
Start importing Assets/Scenes/CyanBackground.jpg using Guid(7997459e255e44c46851323bbdc69c7d) Importer(815301076,1909f56bfc062723c751e8b465ee728b)  -> (artifact id: '9334e5215855f896292fee9cce288b7f') in 0.097697 seconds 
  Import took 0.104766 seconds .

========================================================================
Received Import Request.
  Time since last request: 20.104336 seconds.
  path: Assets/Sprites/CyanBackground.jpg
  artifactKey: Guid(96fae1f9c55938640aa144adb4f67f7b) Importer(815301076,1909f56bfc062723c751e8b465ee728b)
Start importing Assets/Sprites/CyanBackground.jpg using Guid(96fae1f9c55938640aa144adb4f67f7b) Importer(815301076,1909f56bfc062723c751e8b465ee728b)  -> (artifact id: 'f35cfa9679e99f4c68bc9da01c263305') in 0.019461 seconds 
  Import took 0.027244 seconds .

========================================================================
Received Import Request.
  Time since last request: 673.244079 seconds.
  path: Assets/Sprites/Players/Variable sizes
  artifactKey: Guid(67cfa814c8fd34a4dacf7bf1b774f066) Importer(815301076,1909f56bfc062723c751e8b465ee728b)
Start importing Assets/Sprites/Players/Variable sizes using Guid(67cfa814c8fd34a4dacf7bf1b774f066) Importer(815301076,1909f56bfc062723c751e8b465ee728b)  -> (artifact id: '233a03386db2f1c997096a74899423e5') in 0.012779 seconds 
  Import took 0.019904 seconds .

========================================================================
Received Import Request.
  Time since last request: 1.580012 seconds.
  path: Assets/Sprites/Players/Variable sizes/Blue
  artifactKey: Guid(c367f24bb50d18d4cb6ff720f824d5a6) Importer(815301076,1909f56bfc062723c751e8b465ee728b)
Start importing Assets/Sprites/Players/Variable sizes/Blue using Guid(c367f24bb50d18d4cb6ff720f824d5a6) Importer(815301076,1909f56bfc062723c751e8b465ee728b)  -> (artifact id: 'ebcb9dc714d9cd191ac829e08716a7ab') in 0.011850 seconds 
  Import took 0.018668 seconds .

========================================================================
Received Import Request.
  Time since last request: 0.989662 seconds.
  path: Assets/Sprites/Players/Variable sizes/Green
  artifactKey: Guid(a39f02a6d34f65743ab16fc2964f3c13) Importer(815301076,1909f56bfc062723c751e8b465ee728b)
Start importing Assets/Sprites/Players/Variable sizes/Green using Guid(a39f02a6d34f65743ab16fc2964f3c13) Importer(815301076,1909f56bfc062723c751e8b465ee728b)  -> (artifact id: 'dd80dcc425004f09ba9a5386d6c22c40') in 0.012080 seconds 
  Import took 0.018492 seconds .

========================================================================
Received Import Request.
  Time since last request: 0.077538 seconds.
  path: Assets/Sprites/Players/Variable sizes/Green/alienGreen_climb1.png
  artifactKey: Guid(15e6565cf32569f43903406aa2ea83cf) Importer(815301076,1909f56bfc062723c751e8b465ee728b)
Start importing Assets/Sprites/Players/Variable sizes/Green/alienGreen_climb1.png using Guid(15e6565cf32569f43903406aa2ea83cf) Importer(815301076,1909f56bfc062723c751e8b465ee728b)  -> (artifact id: '35d0d0d2e56c2441f6ded03fb27f7ad4') in 0.052040 seconds 
  Import took 0.058778 seconds .

========================================================================
Received Import Request.
  Time since last request: 0.000462 seconds.
  path: Assets/Sprites/Players/Variable sizes/Green/alienGreen_walk1.png
  artifactKey: Guid(84f053fa3b5820a47a73b5b84d72ef2b) Importer(815301076,1909f56bfc062723c751e8b465ee728b)
Start importing Assets/Sprites/Players/Variable sizes/Green/alienGreen_walk1.png using Guid(84f053fa3b5820a47a73b5b84d72ef2b) Importer(815301076,1909f56bfc062723c751e8b465ee728b)  -> (artifact id: '17aa5b566484a99da543725fba4325ab') in 0.036665 seconds 
  Import took 0.041855 seconds .

========================================================================
Received Import Request.
  Time since last request: 0.000421 seconds.
  path: Assets/Sprites/Players/Variable sizes/Green/alienGreen_swim2.png
  artifactKey: Guid(3a9fd7e9cf2b3c64aaa3d08f575148eb) Importer(815301076,1909f56bfc062723c751e8b465ee728b)
Start importing Assets/Sprites/Players/Variable sizes/Green/alienGreen_swim2.png using Guid(3a9fd7e9cf2b3c64aaa3d08f575148eb) Importer(815301076,1909f56bfc062723c751e8b465ee728b)  -> (artifact id: '7ba8ff100b356f80f022fd2428149dd1') in 0.040292 seconds 
  Import took 0.047862 seconds .

========================================================================
Received Import Request.
  Time since last request: 0.000435 seconds.
  path: Assets/Sprites/Players/Variable sizes/Green/alienGreen_climb2.png
  artifactKey: Guid(8ef720f68dbb5ae4cb142a1f0ffc982d) Importer(815301076,1909f56bfc062723c751e8b465ee728b)
Start importing Assets/Sprites/Players/Variable sizes/Green/alienGreen_climb2.png using Guid(8ef720f68dbb5ae4cb142a1f0ffc982d) Importer(815301076,1909f56bfc062723c751e8b465ee728b)  -> (artifact id: '582bd0fd1a035f82447ec2864e421a5c') in 0.043484 seconds 
  Import took 0.056227 seconds .

========================================================================
Received Import Request.
  Time since last request: 0.000258 seconds.
  path: Assets/Sprites/Players/Variable sizes/Green/alienGreen_hit.png
  artifactKey: Guid(bc61c62d770bb824599f372015c271d8) Importer(815301076,1909f56bfc062723c751e8b465ee728b)
Start importing Assets/Sprites/Players/Variable sizes/Green/alienGreen_hit.png using Guid(bc61c62d770bb824599f372015c271d8) Importer(815301076,1909f56bfc062723c751e8b465ee728b)  -> (artifact id: 'dbafeebe1463c5345ac3b7b18aade421') in 0.051563 seconds 
  Import took 0.056521 seconds .

========================================================================
Received Import Request.
  Time since last request: 0.000264 seconds.
  path: Assets/Sprites/Players/Variable sizes/Green/alienGreen_swim1.png
  artifactKey: Guid(200f932467335e1459504ddf8fae385e) Importer(815301076,1909f56bfc062723c751e8b465ee728b)
Start importing Assets/Sprites/Players/Variable sizes/Green/alienGreen_swim1.png using Guid(200f932467335e1459504ddf8fae385e) Importer(815301076,1909f56bfc062723c751e8b465ee728b)  -> (artifact id: 'e4e90a2d051103bfd6942dc78f4a759c') in 0.040747 seconds 
  Import took 0.046589 seconds .

========================================================================
Received Import Request.
  Time since last request: 0.000315 seconds.
  path: Assets/Sprites/Players/Variable sizes/Green/alienGreen_walk2.png
  artifactKey: Guid(240b1d8101e0a2848a17bcdcfdf770bd) Importer(815301076,1909f56bfc062723c751e8b465ee728b)
Start importing Assets/Sprites/Players/Variable sizes/Green/alienGreen_walk2.png using Guid(240b1d8101e0a2848a17bcdcfdf770bd) Importer(815301076,1909f56bfc062723c751e8b465ee728b)  -> (artifact id: '1030b9cd822ce0d8d562c4db39f1a652') in 0.043199 seconds 
  Import took 0.051603 seconds .

========================================================================
Received Import Request.
  Time since last request: 0.000240 seconds.
  path: Assets/Sprites/Players/Variable sizes/Green/alienGreen_jump.png
  artifactKey: Guid(59dadc4a0a78ade4394f8ba9bb65577d) Importer(815301076,1909f56bfc062723c751e8b465ee728b)
Start importing Assets/Sprites/Players/Variable sizes/Green/alienGreen_jump.png using Guid(59dadc4a0a78ade4394f8ba9bb65577d) Importer(815301076,1909f56bfc062723c751e8b465ee728b)  -> (artifact id: 'fcd402945339d28c49ba8411974059b3') in 0.037329 seconds 
  Import took 0.043371 seconds .

========================================================================
Received Import Request.
  Time since last request: 0.000233 seconds.
  path: Assets/Sprites/Players/Variable sizes/Green/alienGreen_front.png
  artifactKey: Guid(c48796a6cfd873f40b9ef358887433b1) Importer(815301076,1909f56bfc062723c751e8b465ee728b)
Start importing Assets/Sprites/Players/Variable sizes/Green/alienGreen_front.png using Guid(c48796a6cfd873f40b9ef358887433b1) Importer(815301076,1909f56bfc062723c751e8b465ee728b)  -> (artifact id: '2abfe6929cb3ed43fad68632a2e1fdf6') in 0.034494 seconds 
  Import took 0.039972 seconds .

========================================================================
Received Import Request.
  Time since last request: 0.000339 seconds.
  path: Assets/Sprites/Players/Variable sizes/Green/alienGreen_duck.png
  artifactKey: Guid(668121fc4fd26c14fa127f505681719d) Importer(815301076,1909f56bfc062723c751e8b465ee728b)
Start importing Assets/Sprites/Players/Variable sizes/Green/alienGreen_duck.png using Guid(668121fc4fd26c14fa127f505681719d) Importer(815301076,1909f56bfc062723c751e8b465ee728b)  -> (artifact id: 'f8497dea55a263346e7b48fdec2f7f9e') in 0.039278 seconds 
  Import took 0.044999 seconds .

========================================================================
Received Import Request.
  Time since last request: 0.000213 seconds.
  path: Assets/Sprites/Players/Variable sizes/Green/alienGreen_stand.png
  artifactKey: Guid(0e50488c048200c42b8683d32e7804f1) Importer(815301076,1909f56bfc062723c751e8b465ee728b)
Start importing Assets/Sprites/Players/Variable sizes/Green/alienGreen_stand.png using Guid(0e50488c048200c42b8683d32e7804f1) Importer(815301076,1909f56bfc062723c751e8b465ee728b)  -> (artifact id: '42e4dd3d0cc74840b50068a9e381da41') in 0.040189 seconds 
  Import took 0.047547 seconds .

========================================================================
Received Import Request.
  Time since last request: 674.365038 seconds.
  path: Assets/Scripts/LvlMgr.cs
  artifactKey: Guid(c972f74d438dc1945b6ba619793a08c1) Importer(815301076,1909f56bfc062723c751e8b465ee728b)
Start importing Assets/Scripts/LvlMgr.cs using Guid(c972f74d438dc1945b6ba619793a08c1) Importer(815301076,1909f56bfc062723c751e8b465ee728b)  -> (artifact id: 'c9b1aca47991fb274e136ca66b5e33bb') in 0.028253 seconds 
  Import took 0.033936 seconds .

========================================================================
Received Import Request.
  Time since last request: 43.046804 seconds.
  path: Assets/Scripts/LvlMgr.cs
  artifactKey: Guid(c972f74d438dc1945b6ba619793a08c1) Importer(815301076,1909f56bfc062723c751e8b465ee728b)
Start importing Assets/Scripts/LvlMgr.cs using Guid(c972f74d438dc1945b6ba619793a08c1) Importer(815301076,1909f56bfc062723c751e8b465ee728b)  -> (artifact id: 'dd92174320775d9de1fea61533d039b1') in 0.006558 seconds 
  Import took 0.016912 seconds .

========================================================================
Received Prepare
Registering precompiled user dll's ...
Registered in 0.009657 seconds.
Begin MonoManager ReloadAssembly
Native extension for WindowsStandalone target not found
Native extension for WebGL target not found
Refreshing native plugins compatible for Editor in 0.50 ms, found 3 plugins.
Preloading 0 native plugins for Editor in 0.00 ms.
Mono: successfully reloaded assembly
- Completed reload, in  1.504 seconds
Domain Reload Profiling:
	ReloadAssembly (1504ms)
		BeginReloadAssembly (142ms)
			ExecutionOrderSort (0ms)
			DisableScriptedObjects (9ms)
			BackupInstance (0ms)
			ReleaseScriptingObjects (0ms)
			CreateAndSetChildDomain (47ms)
		EndReloadAssembly (1279ms)
			LoadAssemblies (114ms)
			RebuildTransferFunctionScriptingTraits (0ms)
			SetupTypeCache (396ms)
			ReleaseScriptCaches (1ms)
			RebuildScriptCaches (63ms)
			SetupLoadedEditorAssemblies (551ms)
				LogAssemblyErrors (0ms)
				InitializePlatformSupportModulesInManaged (8ms)
				SetLoadedEditorAssemblies (0ms)
				RefreshPlugins (1ms)
				BeforeProcessingInitializeOnLoad (122ms)
				ProcessInitializeOnLoadAttributes (403ms)
				ProcessInitializeOnLoadMethodAttributes (8ms)
				AfterProcessingInitializeOnLoad (9ms)
				EditorAssembliesLoaded (0ms)
			ExecutionOrderSort2 (0ms)
			AwakeInstancesAfterBackupRestoration (16ms)
Platform modules already initialized, skipping
Refreshing native plugins compatible for Editor in 0.86 ms, found 3 plugins.
Preloading 0 native plugins for Editor in 0.00 ms.
Unloading 2104 Unused Serialized files (Serialized files now loaded: 0)
System memory in use before: 118.7 MB.
System memory in use after: 118.1 MB.

Unloading 29 unused Assets to reduce memory usage. Loaded Objects now: 2592.
Total: 5.843500 ms (FindLiveObjects: 0.492600 ms CreateObjectMapping: 0.110200 ms MarkObjects: 4.837100 ms  DeleteObjects: 0.401800 ms)

AssetImportParameters requested are different than current active one (requested -> active):
  custom:framework-win-MediaFoundation: 216162199b28c13a410421893ffa2e32 -> 
  custom:video-decoder-ogg-theora: a1e56fd34408186e4bbccfd4996cb3dc -> 
  custom:container-muxer-webm: aa71ff27fc2769a1b78a27578f13a17b -> 
  custom:container-demuxer-webm: 4f35f7cbe854078d1ac9338744f61a02 -> 
  custom:container-demuxer-ogg: 62fdf1f143b41e24485cea50d1cbac27 -> 
  custom:video-encoder-webm-vp8: eb34c28f22e8b96e1ab97ce403110664 -> 
  custom:video-decoder-webm-vp8: 9c59270c3fd7afecdb556c50c9e8de78 -> 
  custom:audio-decoder-ogg-vorbis: bf7c407c2cedff20999df2af8eb42d56 -> 
  custom:audio-encoder-webm-vorbis: bf7c407c2cedff20999df2af8eb42d56 -> 
========================================================================
Received Import Request.
  Time since last request: 48.322996 seconds.
  path: Assets/Scenes/Niveles
  artifactKey: Guid(4404b72c17b5eca418097eef13421e1c) Importer(815301076,1909f56bfc062723c751e8b465ee728b)
Start importing Assets/Scenes/Niveles using Guid(4404b72c17b5eca418097eef13421e1c) Importer(815301076,1909f56bfc062723c751e8b465ee728b)  -> (artifact id: 'a63e9befb7dfe917a60cdb82514ae6b7') in 0.018104 seconds 
  Import took 0.023645 seconds .

========================================================================
Received Import Request.
  Time since last request: 11.349777 seconds.
  path: Assets/Scenes/Niveles/Nivel1.unity
  artifactKey: Guid(98a4dae3dc2dd094e9f88c8fcea3c71d) Importer(815301076,1909f56bfc062723c751e8b465ee728b)
Start importing Assets/Scenes/Niveles/Nivel1.unity using Guid(98a4dae3dc2dd094e9f88c8fcea3c71d) Importer(815301076,1909f56bfc062723c751e8b465ee728b)  -> (artifact id: '9088b443b2ead5db348010a800009613') in 0.041058 seconds 
  Import took 0.046869 seconds .

========================================================================
Received Import Request.
  Time since last request: 12.876457 seconds.
  path: Assets/Scenes/SampleScene.unity
  artifactKey: Guid(2cda990e2423bbf4892e6590ba056729) Importer(815301076,1909f56bfc062723c751e8b465ee728b)
Start importing Assets/Scenes/SampleScene.unity using Guid(2cda990e2423bbf4892e6590ba056729) Importer(815301076,1909f56bfc062723c751e8b465ee728b)  -> (artifact id: '71e55dafeee248be2d40995eed6b5124') in 0.012304 seconds 
  Import took 0.018328 seconds .

========================================================================
Received Import Request.
  Time since last request: 160.515195 seconds.
  path: Assets/Scripts/Viejos
  artifactKey: Guid(4f74670c9f4ddb04ebda11abbcbf0655) Importer(815301076,1909f56bfc062723c751e8b465ee728b)
Start importing Assets/Scripts/Viejos using Guid(4f74670c9f4ddb04ebda11abbcbf0655) Importer(815301076,1909f56bfc062723c751e8b465ee728b)  -> (artifact id: '5e7ae821f883288b136112f044a55ae4') in 0.014372 seconds 
  Import took 0.021693 seconds .

========================================================================
Received Import Request.
  Time since last request: 2.218926 seconds.
  path: Assets/Scripts/Enemigo.cs
  artifactKey: Guid(cd9b5078570dfea4bbd0153a10c2e911) Importer(815301076,1909f56bfc062723c751e8b465ee728b)
Start importing Assets/Scripts/Enemigo.cs using Guid(cd9b5078570dfea4bbd0153a10c2e911) Importer(815301076,1909f56bfc062723c751e8b465ee728b)  -> (artifact id: '6b8df4471419af583bd27f3c892d02a3') in 0.003659 seconds 
  Import took 0.008134 seconds .

========================================================================
Received Import Request.
  Time since last request: 0.001695 seconds.
  path: Assets/Scripts/Enemigo.cs
  artifactKey: Guid(cd9b5078570dfea4bbd0153a10c2e911) Importer(815301076,1909f56bfc062723c751e8b465ee728b)
Start importing Assets/Scripts/Enemigo.cs using Guid(cd9b5078570dfea4bbd0153a10c2e911) Importer(815301076,1909f56bfc062723c751e8b465ee728b)  -> (artifact id: '6b8df4471419af583bd27f3c892d02a3') in 0.003992 seconds 
  Import took 0.010778 seconds .

========================================================================
Received Import Request.
  Time since last request: 0.346761 seconds.
  path: Assets/Scripts/Jugador1.cs
  artifactKey: Guid(307cb4c910cf06046b5d832bd9a138fc) Importer(815301076,1909f56bfc062723c751e8b465ee728b)
Start importing Assets/Scripts/Jugador1.cs using Guid(307cb4c910cf06046b5d832bd9a138fc) Importer(815301076,1909f56bfc062723c751e8b465ee728b)  -> (artifact id: '00fb7764ff151644fb4dd3319db330ec') in 0.010327 seconds 
  Import took 0.020206 seconds .

========================================================================
Received Prepare
Registering precompiled user dll's ...
Registered in 0.007672 seconds.
Begin MonoManager ReloadAssembly
Native extension for WindowsStandalone target not found
Native extension for WebGL target not found
Refreshing native plugins compatible for Editor in 1.60 ms, found 3 plugins.
Preloading 0 native plugins for Editor in 0.00 ms.
Mono: successfully reloaded assembly
- Completed reload, in  3.403 seconds
Domain Reload Profiling:
	ReloadAssembly (3404ms)
		BeginReloadAssembly (798ms)
			ExecutionOrderSort (0ms)
			DisableScriptedObjects (14ms)
			BackupInstance (0ms)
			ReleaseScriptingObjects (0ms)
			CreateAndSetChildDomain (256ms)
		EndReloadAssembly (2323ms)
			LoadAssemblies (630ms)
			RebuildTransferFunctionScriptingTraits (0ms)
			SetupTypeCache (719ms)
			ReleaseScriptCaches (2ms)
			RebuildScriptCaches (124ms)
			SetupLoadedEditorAssemblies (861ms)
				LogAssemblyErrors (0ms)
				InitializePlatformSupportModulesInManaged (15ms)
				SetLoadedEditorAssemblies (1ms)
				RefreshPlugins (2ms)
				BeforeProcessingInitializeOnLoad (208ms)
				ProcessInitializeOnLoadAttributes (614ms)
				ProcessInitializeOnLoadMethodAttributes (10ms)
				AfterProcessingInitializeOnLoad (10ms)
				EditorAssembliesLoaded (0ms)
			ExecutionOrderSort2 (0ms)
			AwakeInstancesAfterBackupRestoration (17ms)
Platform modules already initialized, skipping
Refreshing native plugins compatible for Editor in 0.81 ms, found 3 plugins.
Preloading 0 native plugins for Editor in 0.00 ms.
Unloading 2104 Unused Serialized files (Serialized files now loaded: 0)
System memory in use before: 118.7 MB.
System memory in use after: 118.2 MB.

Unloading 29 unused Assets to reduce memory usage. Loaded Objects now: 2595.
Total: 9.833700 ms (FindLiveObjects: 0.448200 ms CreateObjectMapping: 0.214700 ms MarkObjects: 8.478200 ms  DeleteObjects: 0.690100 ms)

AssetImportParameters requested are different than current active one (requested -> active):
  custom:framework-win-MediaFoundation: 216162199b28c13a410421893ffa2e32 -> 
  custom:video-decoder-ogg-theora: a1e56fd34408186e4bbccfd4996cb3dc -> 
  custom:container-muxer-webm: aa71ff27fc2769a1b78a27578f13a17b -> 
  custom:container-demuxer-webm: 4f35f7cbe854078d1ac9338744f61a02 -> 
  custom:container-demuxer-ogg: 62fdf1f143b41e24485cea50d1cbac27 -> 
  custom:video-encoder-webm-vp8: eb34c28f22e8b96e1ab97ce403110664 -> 
  custom:video-decoder-webm-vp8: 9c59270c3fd7afecdb556c50c9e8de78 -> 
  custom:audio-decoder-ogg-vorbis: bf7c407c2cedff20999df2af8eb42d56 -> 
  custom:audio-encoder-webm-vorbis: bf7c407c2cedff20999df2af8eb42d56 -> 
========================================================================
Received Import Request.
  Time since last request: 20.536925 seconds.
  path: Assets/Scripts/Nuevos
  artifactKey: Guid(ada220c577c80434b9b18328493771fa) Importer(815301076,1909f56bfc062723c751e8b465ee728b)
Start importing Assets/Scripts/Nuevos using Guid(ada220c577c80434b9b18328493771fa) Importer(815301076,1909f56bfc062723c751e8b465ee728b)  -> (artifact id: '36065b56230ec44f09fa0b2fe76322c3') in 0.019783 seconds 
  Import took 0.025936 seconds .

AssetImportWorkerClient::OnTransportError - code=2 error=End of file
